-------------------------------------------------------------------------------
Test set: PersonalAccountYandexBrowserTest
-------------------------------------------------------------------------------
Tests run: 3, Failures: 0, Errors: 1, Skipped: 0, Time elapsed: 27.475 s <<< FAILURE! - in PersonalAccountYandexBrowserTest
transitionToBurgerConstructorTest(PersonalAccountYandexBrowserTest)  Time elapsed: 8.455 s  <<< ERROR!
java.lang.NullPointerException
	at PersonalAccountYandexBrowserTest.deleteUser(PersonalAccountYandexBrowserTest.java:48)

