<?xml version="1.0" encoding="UTF-8"?>
<testsuite xmlns:xsi="http://www.w3.org/2001/XMLSchema-instance" xsi:noNamespaceSchemaLocation="https://maven.apache.org/surefire/maven-surefire-plugin/xsd/surefire-test-report.xsd" name="RegistrationTest" time="9.149" tests="2" errors="1" skipped="0" failures="1">
  <properties>
[...]
</properties>
  <testcase name="successfullRegistrationTest" classname="RegistrationTest" time="4.218">
    <error message="Cannot parse object because no supported Content-Type was specified in response. Content-Type was &apos;text/html&apos;." type="java.lang.IllegalStateException">java.lang.IllegalStateException: Cannot parse object because no supported Content-Type was specified in response. Content-Type was 'text/html'.
	at RegistrationTest.deleteUser(RegistrationTest.java:47)
</error>
    <system-err><![CDATA[Starting ChromeDriver 100.0.4896.143 (cbbca7ae97ca697e7529c8862971ef6e590e5528) on port 26282
Only local connections are allowed.
Please see https://chromedriver.chromium.org/security-considerations for suggestions on keeping ChromeDriver safe.
ChromeDriver was started successfully.
июн. 12, 2022 5:49:04 PM org.openqa.selenium.remote.ProtocolHandshake createSession
INFO: Detected dialect: W3C
]]></system-err>
  </testcase>
  <testcase name="registrationWrongLenghtPasswordTest" classname="RegistrationTest" time="4.927">
    <failure message="Element not found {By.xpath: //input[@value=&apos;&apos;]}&#10;Expected: visible or transparent: visible or have css value opacity=0&#10;Screenshot: file:/C:/Diplom/Diplom_3/build/reports/tests/1655045352429.6.png&#10;Page source: file:/C:/Diplom/Diplom_3/build/reports/tests/1655045352429.6.html&#10;Timeout: 4 s.&#10;Caused by: NoSuchElementException: no such element: Unable to locate element: {&quot;method&quot;:&quot;xpath&quot;,&quot;selector&quot;:&quot;//input[@value=&apos;&apos;]&quot;}" type="com.codeborne.selenide.ex.ElementNotFound">com.codeborne.selenide.ex.ElementNotFound: 
Element not found {By.xpath: //input[@value='']}
Expected: visible or transparent: visible or have css value opacity=0
Screenshot: file:/C:/Diplom/Diplom_3/build/reports/tests/1655045352429.6.png
Page source: file:/C:/Diplom/Diplom_3/build/reports/tests/1655045352429.6.html
Timeout: 4 s.
Caused by: NoSuchElementException: no such element: Unable to locate element: {"method":"xpath","selector":"//input[@value='']"}
	at RegistrationTest.registrationWrongLenghtPasswordTest(RegistrationTest.java:67)
Caused by: org.openqa.selenium.NoSuchElementException: 
no such element: Unable to locate element: {"method":"xpath","selector":"//input[@value='']"}
  (Session info: chrome=100.0.4896.160)
For documentation on this error, please visit: https://www.seleniumhq.org/exceptions/no_such_element.html
Build info: version: '3.141.59', revision: 'e82be7d358', time: '2018-11-14T08:17:03'
System info: host: 'PIX1BOOK114', ip: '10.0.0.101', os.name: 'Windows 10', os.arch: 'amd64', os.version: '10.0', java.version: '11.0.14'
Driver info: org.openqa.selenium.chrome.ChromeDriver
Capabilities {acceptInsecureCerts: true, browserName: chrome, browserVersion: 100.0.4896.160, chrome: {chromedriverVersion: 100.0.4896.143 (cbbca7ae97c..., userDataDir: C:\Users\E92AC~1.SAR\AppDat...}, goog:chromeOptions: {debuggerAddress: localhost:57682}, javascriptEnabled: true, networkConnectionEnabled: false, pageLoadStrategy: normal, platform: WINDOWS, platformName: WINDOWS, proxy: Proxy(), setWindowRect: true, strictFileInteractability: false, timeouts: {implicit: 0, pageLoad: 300000, script: 30000}, unhandledPromptBehavior: dismiss and notify, webauthn:extension:credBlob: true, webauthn:extension:largeBlob: true, webauthn:virtualAuthenticators: true}
Session ID: 1d27921acb976a44c41f885d0b94c643
*** Element info: {Using=xpath, value=//input[@value='']}
	at RegistrationTest.registrationWrongLenghtPasswordTest(RegistrationTest.java:67)
</failure>
  </testcase>
</testsuite>